<?xml version="1.0" encoding="UTF-8"?>
<!-- Generated by org.testng.reporters.JUnitReportReporter -->
<testsuite hostname="LAPTOP-K7VNGAMD" failures="0" tests="2" name="Runner.Loginrunner" time="36.521" errors="0" timestamp="2025-07-23T00:08:39 IST" skipped="0">
  <testcase classname="Runner.Loginrunner" name="runScenario" time="8.356"/>
  <system-out/>
  <testcase classname="Runner.Loginrunner" name="runScenario" time="28.165"/>
  <system-out/>
</testsuite> <!-- Runner.Loginrunner -->
