<?xml version="1.0" encoding="UTF-8"?>
<!-- Generated by org.testng.reporters.JUnitReportReporter -->
<testsuite hostname="LAPTOP-K7VNGAMD" failures="0" tests="3" name="Runner.ResetpasswordRunner" time="37.560" errors="0" timestamp="2025-07-24T13:46:50 IST" skipped="0">
  <testcase classname="Runner.ResetpasswordRunner" name="runScenario" time="7.761"/>
  <system-out/>
  <testcase classname="Runner.ResetpasswordRunner" name="runScenario" time="17.737"/>
  <system-out/>
  <testcase classname="Runner.ResetpasswordRunner" name="runScenario" time="12.062"/>
  <system-out/>
</testsuite> <!-- Runner.ResetpasswordRunner -->
