<?xml version="1.0" encoding="UTF-8"?>
<!-- Generated by org.testng.reporters.JUnitReportReporter -->
<testsuite hostname="LAPTOP-K7VNGAMD" failures="0" tests="3" name="Runner.ResetpasswordRunner" time="61.068" errors="0" timestamp="2025-07-25T16:50:45 IST" skipped="0">
  <testcase classname="Runner.ResetpasswordRunner" name="runScenario" time="31.444"/>
  <system-out/>
  <testcase classname="Runner.ResetpasswordRunner" name="runScenario" time="13.922"/>
  <system-out/>
  <testcase classname="Runner.ResetpasswordRunner" name="runScenario" time="15.702"/>
  <system-out/>
</testsuite> <!-- Runner.ResetpasswordRunner -->
