<?xml version="1.0" encoding="UTF-8"?>
<!-- Generated by org.testng.reporters.JUnitReportReporter -->
<testsuite hostname="LAPTOP-K7VNGAMD" failures="0" tests="2" name="Runner.Loginrunner" time="32.944" errors="0" timestamp="2025-07-25T14:50:18 IST" skipped="0">
  <testcase classname="Runner.Loginrunner" name="runScenario" time="26.806"/>
  <system-out/>
  <testcase classname="Runner.Loginrunner" name="runScenario" time="6.138"/>
  <system-out/>
</testsuite> <!-- Runner.Loginrunner -->
