<?xml version="1.0" encoding="UTF-8"?>
<!-- Generated by org.testng.reporters.JUnitReportReporter -->
<testsuite hostname="LAPTOP-K7VNGAMD" failures="0" tests="3" name="Runner.ResetpasswordRunner" time="27.991" errors="0" timestamp="2025-07-25T14:57:30 IST" skipped="0">
  <testcase classname="Runner.ResetpasswordRunner" name="runScenario" time="11.467"/>
  <system-out/>
  <testcase classname="Runner.ResetpasswordRunner" name="runScenario" time="8.313"/>
  <system-out/>
  <testcase classname="Runner.ResetpasswordRunner" name="runScenario" time="8.211"/>
  <system-out/>
</testsuite> <!-- Runner.ResetpasswordRunner -->
