<?xml version="1.0" encoding="UTF-8"?>
<!-- Generated by org.testng.reporters.JUnitReportReporter -->
<testsuite hostname="LAPTOP-K7VNGAMD" failures="0" tests="2" name="Runner.Loginrunner" time="51.340" errors="0" timestamp="2025-07-24T17:17:12 IST" skipped="0">
  <testcase classname="Runner.Loginrunner" name="runScenario" time="36.276"/>
  <system-out/>
  <testcase classname="Runner.Loginrunner" name="runScenario" time="15.064"/>
  <system-out/>
</testsuite> <!-- Runner.Loginrunner -->
